[12-04-2025][20:07:25] - Decryption triggered by user.
[12-04-2025][20:07:37] - assignment.pdf - Successfully moved to quarantine directory.
[12-04-2025][20:07:37] - backdoor_access.vbs - Successfully moved to quarantine directory.
[12-04-2025][20:07:37] - budget.xlsx - Successfully moved to quarantine directory.
[12-04-2025][20:07:37] - instructions.pdf - Successfully moved to quarantine directory.
[12-04-2025][20:07:37] - malicious_payload.bin - Successfully moved to quarantine directory.
[12-04-2025][20:07:37] - summary.txt - Successfully moved to quarantine directory.
[12-04-2025][20:07:37] - worm_spread.py - Successfully moved to quarantine directory.
[12-04-2025][20:07:37] - exploit_code.js - Successfully moved to quarantine directory.
[12-04-2025][20:07:37] - presentation.pptx - Successfully moved to quarantine directory.
[12-04-2025][20:07:37] - meeting_minutes.pdf - Successfully moved to quarantine directory.
[12-04-2025][20:07:37] - schedule.ics - Successfully moved to quarantine directory.
[12-04-2025][20:07:37] - trojan.exe - Successfully moved to quarantine directory.
[12-04-2025][20:07:37] - rootkit_hidden.sys - Successfully moved to quarantine directory.
[12-04-2025][20:07:37] - references.docx - Successfully moved to quarantine directory.
[12-04-2025][20:07:37] - password_stealer.exe - Successfully moved to quarantine directory.
[12-04-2025][20:07:37] - project_plan.docx - Successfully moved to quarantine directory.
[12-04-2025][20:07:37] - ransomware_script.bat - Successfully moved to quarantine directory.
[12-04-2025][20:07:37] - research_data.csv - Successfully moved to quarantine directory.
[12-04-2025][20:07:37] - design_sketch.psd - Successfully moved to quarantine directory.
[12-04-2025][20:07:37] - keylogger.dll - Successfully moved to quarantine directory.
[12-04-2025][20:07:37] - data_analysis.xlsx - Successfully moved to quarantine directory.
[12-04-2025][20:07:37] - notes.txt - Successfully moved to quarantine directory.
[12-04-2025][20:07:37] - draft_paper.docx - Successfully moved to quarantine directory.
[12-04-2025][20:07:37] - report.docx - Successfully moved to quarantine directory.
[12-04-2025][20:07:37] - phishing_tool.jar - Successfully moved to quarantine directory.
[12-04-2025][20:07:44] - assignment.pdf - Successfully deleted.
[12-04-2025][20:07:44] - backdoor_access.vbs - Successfully deleted.
[12-04-2025][20:07:44] - budget.xlsx - Successfully deleted.
[12-04-2025][20:07:44] - instructions.pdf - Successfully deleted.
[12-04-2025][20:07:44] - malicious_payload.bin - Successfully deleted.
[12-04-2025][20:07:44] - summary.txt - Successfully deleted.
[12-04-2025][20:07:44] - worm_spread.py - Successfully deleted.
[12-04-2025][20:07:44] - exploit_code.js - Successfully deleted.
[12-04-2025][20:07:44] - presentation.pptx - Successfully deleted.
[12-04-2025][20:07:44] - meeting_minutes.pdf - Successfully deleted.
[12-04-2025][20:07:44] - schedule.ics - Successfully deleted.
[12-04-2025][20:07:44] - trojan.exe - Successfully deleted.
[12-04-2025][20:07:44] - rootkit_hidden.sys - Successfully deleted.
[12-04-2025][20:07:44] - references.docx - Successfully deleted.
[12-04-2025][20:07:44] - password_stealer.exe - Successfully deleted.
[12-04-2025][20:07:44] - project_plan.docx - Successfully deleted.
[12-04-2025][20:07:44] - ransomware_script.bat - Successfully deleted.
[12-04-2025][20:07:44] - research_data.csv - Successfully deleted.
[12-04-2025][20:07:44] - design_sketch.psd - Successfully deleted.
[12-04-2025][20:07:44] - keylogger.dll - Successfully deleted.
[12-04-2025][20:07:44] - data_analysis.xlsx - Successfully deleted.
[12-04-2025][20:07:44] - notes.txt - Successfully deleted.
[12-04-2025][20:07:44] - draft_paper.docx - Successfully deleted.
[12-04-2025][20:07:44] - report.docx - Successfully deleted.
[12-04-2025][20:07:44] - phishing_tool.jar - Successfully deleted.
[12-04-2025][20:08:00] - Successfully shut off decryption process with PID 14230.
[12-04-2025][20:08:54] - Decryption triggered by user.
[12-04-2025][20:09:22] - Decryption triggered by user.
[12-04-2025][20:09:33] - Successfully shut off decryption process with PID 14273.
